2025-07-13 14:36:46 error: uncaughtException: Identifier 'perforatedFt' has already been declared
C:\Users\JTosman\Documents\Mis Trabajos\api-perforaciones\src\services\project.service.ts:236
        const perforatedFt = rotatingFt + slidingFt;
              ^

SyntaxError: Identifier 'perforatedFt' has already been declared
    at internalCompileFunction (node:internal/vm:73:18)
    at wrapSafe (node:internal/modules/cjs/loader:1274:20)
    at Module._compile (node:internal/modules/cjs/loader:1320:27)
    at Module.m._compile (C:\Users\JTosman\Documents\Mis Trabajos\api-perforaciones\node_modules\ts-node\src\index.ts:1618:23)
    at Module._extensions..js (node:internal/modules/cjs/loader:1414:10)
    at Object.require.extensions.<computed> [as .ts] (C:\Users\JTosman\Documents\Mis Trabajos\api-perforaciones\node_modules\ts-node\src\index.ts:1621:12)
    at Module.load (node:internal/modules/cjs/loader:1197:32)
    at Function.Module._load (node:internal/modules/cjs/loader:1013:12)
    at Module.require (node:internal/modules/cjs/loader:1225:19)
    at require (node:internal/modules/helpers:177:18)
2025-07-13 14:36:50 error: uncaughtException: Identifier 'perforatedFt' has already been declared
C:\Users\JTosman\Documents\Mis Trabajos\api-perforaciones\src\services\project.service.ts:236
        const perforatedFt = rotatingFt + slidingFt;
              ^

SyntaxError: Identifier 'perforatedFt' has already been declared
    at internalCompileFunction (node:internal/vm:73:18)
    at wrapSafe (node:internal/modules/cjs/loader:1274:20)
    at Module._compile (node:internal/modules/cjs/loader:1320:27)
    at Module.m._compile (C:\Users\JTosman\Documents\Mis Trabajos\api-perforaciones\node_modules\ts-node\src\index.ts:1618:23)
    at Module._extensions..js (node:internal/modules/cjs/loader:1414:10)
    at Object.require.extensions.<computed> [as .ts] (C:\Users\JTosman\Documents\Mis Trabajos\api-perforaciones\node_modules\ts-node\src\index.ts:1621:12)
    at Module.load (node:internal/modules/cjs/loader:1197:32)
    at Function.Module._load (node:internal/modules/cjs/loader:1013:12)
    at Module.require (node:internal/modules/cjs/loader:1225:19)
    at require (node:internal/modules/helpers:177:18)
2025-07-13 15:36:45 error: uncaughtException: Missing initializer in const declaration
C:\Users\JTosman\Documents\Mis Trabajos\api-perforaciones\src\services\project.service.ts:261
        const averageHs;
              ^^^^^^^^^

SyntaxError: Missing initializer in const declaration
    at internalCompileFunction (node:internal/vm:73:18)
    at wrapSafe (node:internal/modules/cjs/loader:1274:20)
    at Module._compile (node:internal/modules/cjs/loader:1320:27)
    at Module.m._compile (C:\Users\JTosman\Documents\Mis Trabajos\api-perforaciones\node_modules\ts-node\src\index.ts:1618:23)
    at Module._extensions..js (node:internal/modules/cjs/loader:1414:10)
    at Object.require.extensions.<computed> [as .ts] (C:\Users\JTosman\Documents\Mis Trabajos\api-perforaciones\node_modules\ts-node\src\index.ts:1621:12)
    at Module.load (node:internal/modules/cjs/loader:1197:32)
    at Function.Module._load (node:internal/modules/cjs/loader:1013:12)
    at Module.require (node:internal/modules/cjs/loader:1225:19)
    at require (node:internal/modules/helpers:177:18)
2025-07-13 15:47:49 error: uncaughtException: Identifier 'slidingDayFt' has already been declared
C:\Users\JTosman\Documents\Mis Trabajos\api-perforaciones\src\services\project.service.ts:274
        const slidingDayFt = project.perforations
              ^

SyntaxError: Identifier 'slidingDayFt' has already been declared
    at internalCompileFunction (node:internal/vm:73:18)
    at wrapSafe (node:internal/modules/cjs/loader:1274:20)
    at Module._compile (node:internal/modules/cjs/loader:1320:27)
    at Module.m._compile (C:\Users\JTosman\Documents\Mis Trabajos\api-perforaciones\node_modules\ts-node\src\index.ts:1618:23)
    at Module._extensions..js (node:internal/modules/cjs/loader:1414:10)
    at Object.require.extensions.<computed> [as .ts] (C:\Users\JTosman\Documents\Mis Trabajos\api-perforaciones\node_modules\ts-node\src\index.ts:1621:12)
    at Module.load (node:internal/modules/cjs/loader:1197:32)
    at Function.Module._load (node:internal/modules/cjs/loader:1013:12)
    at Module.require (node:internal/modules/cjs/loader:1225:19)
    at require (node:internal/modules/helpers:177:18)
2025-07-13 17:29:07 error: [GET] /projects/686b051761972b2cc9c3dfd2 >> StatusCode:: 401, Message:: Wrong authentication token
2025-07-13 17:30:24 error: [GET] /projects/68676e1f022edd14c03f91ae >> StatusCode:: 500, Message:: Cannot read properties of undefined (reading 'toFixed')
2025-07-13 17:31:23 error: uncaughtException: тип Unable to compile TypeScript:
[96msrc/services/project.service.ts[0m:[93m102[0m:[93m38[0m - [91merror[0m[90m TS1109: [0mExpression expected.

[7m102[0m         perforationData.rpm_surface? ?? 0
[7m   [0m [91m                                     ~~[0m
[96msrc/services/project.service.ts[0m:[93m103[0m:[93m7[0m - [91merror[0m[90m TS1005: [0m':' expected.

[7m103[0m       );
[7m   [0m [91m      ~[0m

TSError: тип Unable to compile TypeScript:
[96msrc/services/project.service.ts[0m:[93m102[0m:[93m38[0m - [91merror[0m[90m TS1109: [0mExpression expected.

[7m102[0m         perforationData.rpm_surface? ?? 0
[7m   [0m [91m                                     ~~[0m
[96msrc/services/project.service.ts[0m:[93m103[0m:[93m7[0m - [91merror[0m[90m TS1005: [0m':' expected.

[7m103[0m       );
[7m   [0m [91m      ~[0m

    at createTSError (C:\Users\JTosman\Documents\Mis Trabajos\api-perforaciones\node_modules\ts-node\src\index.ts:859:12)
    at reportTSError (C:\Users\JTosman\Documents\Mis Trabajos\api-perforaciones\node_modules\ts-node\src\index.ts:863:19)
    at C:\Users\JTosman\Documents\Mis Trabajos\api-perforaciones\node_modules\ts-node\src\index.ts:1379:34
    at Object.compile (C:\Users\JTosman\Documents\Mis Trabajos\api-perforaciones\node_modules\ts-node\src\index.ts:1458:13)
    at Module.m._compile (C:\Users\JTosman\Documents\Mis Trabajos\api-perforaciones\node_modules\ts-node\src\index.ts:1617:30)
    at Module._extensions..js (node:internal/modules/cjs/loader:1414:10)
    at Object.require.extensions.<computed> [as .ts] (C:\Users\JTosman\Documents\Mis Trabajos\api-perforaciones\node_modules\ts-node\src\index.ts:1621:12)
    at Module.load (node:internal/modules/cjs/loader:1197:32)
    at Function.Module._load (node:internal/modules/cjs/loader:1013:12)
    at Module.require (node:internal/modules/cjs/loader:1225:19)
2025-07-13 17:37:21 error: [GET] /projects/68676e1f022edd14c03f91ae >> StatusCode:: 500, Message:: Cannot read properties of undefined (reading 'toFixed')
2025-07-13 20:14:41 error: [POST] /projects/68676e1f022edd14c03f91ae/static-data >> StatusCode:: 400, Message:: Validation error
2025-07-13 20:16:13 error: [POST] /projects/68676e1f022edd14c03f91ae/static-data >> StatusCode:: 400, Message:: Validation error
2025-07-13 20:16:29 error: [POST] /projects/68676e1f022edd14c03f91ae/static-data >> StatusCode:: 400, Message:: Validation error
2025-07-13 20:18:07 error: [POST] /projects/68676e1f022edd14c03f91ae/static-data >> StatusCode:: 400, Message:: Validation error
2025-07-13 20:20:04 error: [POST] /projects/68676e1f022edd14c03f91ae/static-data >> StatusCode:: 400, Message:: Validation error
2025-07-13 20:22:45 error: [POST] /projects/68676e1f022edd14c03f91ae/static-data >> StatusCode:: 400, Message:: Validation error
2025-07-13 20:23:11 error: [POST] /projects/68676e1f022edd14c03f91ae/static-data >> StatusCode:: 400, Message:: Validation error
2025-07-13 20:23:14 error: [POST] /projects/68676e1f022edd14c03f91ae/static-data >> StatusCode:: 400, Message:: Validation error
2025-07-13 20:24:02 error: [POST] /projects/68676e1f022edd14c03f91ae/static-data >> StatusCode:: 400, Message:: Validation error
2025-07-13 20:24:41 error: [POST] /projects/68676e1f022edd14c03f91ae/static-data >> StatusCode:: 400, Message:: Validation error
2025-07-13 21:58:44 error: [GET] /projects/68676e1f022edd14c03f91ae >> StatusCode:: 401, Message:: Wrong authentication token
2025-07-13 21:59:23 error: [GET] /projects/68676e1f022edd14c03f91ae >> StatusCode:: 401, Message:: Wrong authentication token
2025-07-13 21:59:29 error: [GET] /projects/68676e1f022edd14c03f91ae >> StatusCode:: 401, Message:: Wrong authentication token
2025-07-13 21:59:46 error: [GET] /projects/68676e1f022edd14c03f91ae >> StatusCode:: 401, Message:: Wrong authentication token
2025-07-13 21:59:58 error: [GET] /projects/68676e1f022edd14c03f91ae >> StatusCode:: 401, Message:: Wrong authentication token
2025-07-13 21:59:59 error: [GET] /projects/68676e1f022edd14c03f91ae >> StatusCode:: 401, Message:: Wrong authentication token
2025-07-13 22:00:36 error: [GET] /projects/68676e1f022edd14c03f91ae >> StatusCode:: 401, Message:: Wrong authentication token
2025-07-13 22:00:48 error: [GET] /projects/68676e1f022edd14c03f91ae >> StatusCode:: 401, Message:: Wrong authentication token
2025-07-13 22:01:05 error: [GET] /projects/68676e1f022edd14c03f91ae >> StatusCode:: 401, Message:: Wrong authentication token
2025-07-13 22:01:42 error: [GET] /projects/68676e1f022edd14c03f91ae >> StatusCode:: 401, Message:: Wrong authentication token
2025-07-13 22:03:40 error: [GET] /projects/68676e1f022edd14c03f91ae >> StatusCode:: 401, Message:: Wrong authentication token
2025-07-13 22:03:46 error: [GET] /projects/68676e1f022edd14c03f91ae >> StatusCode:: 401, Message:: Wrong authentication token
2025-07-13 22:04:32 error: [GET] /projects/68676e1f022edd14c03f91ae >> StatusCode:: 401, Message:: Wrong authentication token
2025-07-13 22:05:14 error: [GET] /projects/68676e1f022edd14c03f91ae >> StatusCode:: 401, Message:: Wrong authentication token
2025-07-13 22:05:36 error: [GET] /projects/68676e1f022edd14c03f91ae >> StatusCode:: 401, Message:: Wrong authentication token
2025-07-13 22:06:02 error: [GET] /projects/68676e1f022edd14c03f91ae >> StatusCode:: 401, Message:: Wrong authentication token
2025-07-13 22:10:49 error: [GET] /projects/68676e1f022edd14c03f91ae >> StatusCode:: 401, Message:: Wrong authentication token
2025-07-13 22:14:04 error: [DELETE] /projects/68676e1f022edd14c03f91ae/perforation/686bb89839709da9dc4ee3c4 >> StatusCode:: 500, Message:: perforation.remove is not a function
2025-07-13 23:11:09 error: [PUT] /projects/68676e1f022edd14c03f91ae/perforation/68746a53534c2329f0c5562d >> StatusCode:: 401, Message:: Wrong authentication token
2025-07-13 23:11:09 error: [GET] /projects/68676e1f022edd14c03f91ae >> StatusCode:: 401, Message:: Wrong authentication token
2025-07-13 23:12:41 error: uncaughtException: тип Unable to compile TypeScript:
[96msrc/services/project.service.ts[0m:[93m862[0m:[93m5[0m - [91merror[0m[90m TS1109: [0mExpression expected.

[7m862[0m     ).toFixed(2)
[7m   [0m [91m    ~[0m

TSError: тип Unable to compile TypeScript:
[96msrc/services/project.service.ts[0m:[93m862[0m:[93m5[0m - [91merror[0m[90m TS1109: [0mExpression expected.

[7m862[0m     ).toFixed(2)
[7m   [0m [91m    ~[0m

    at createTSError (C:\Users\JTosman\Documents\Mis Trabajos\api-perforaciones\node_modules\ts-node\src\index.ts:859:12)
    at reportTSError (C:\Users\JTosman\Documents\Mis Trabajos\api-perforaciones\node_modules\ts-node\src\index.ts:863:19)
    at C:\Users\JTosman\Documents\Mis Trabajos\api-perforaciones\node_modules\ts-node\src\index.ts:1379:34
    at Object.compile (C:\Users\JTosman\Documents\Mis Trabajos\api-perforaciones\node_modules\ts-node\src\index.ts:1458:13)
    at Module.m._compile (C:\Users\JTosman\Documents\Mis Trabajos\api-perforaciones\node_modules\ts-node\src\index.ts:1617:30)
    at Module._extensions..js (node:internal/modules/cjs/loader:1414:10)
    at Object.require.extensions.<computed> [as .ts] (C:\Users\JTosman\Documents\Mis Trabajos\api-perforaciones\node_modules\ts-node\src\index.ts:1621:12)
    at Module.load (node:internal/modules/cjs/loader:1197:32)
    at Function.Module._load (node:internal/modules/cjs/loader:1013:12)
    at Module.require (node:internal/modules/cjs/loader:1225:19)
2025-07-13 23:43:14 error: uncaughtException: write EPIPE
Error: write EPIPE
    at afterWriteDispatched (node:internal/stream_base_commons:160:15)
    at writeGeneric (node:internal/stream_base_commons:151:3)
    at WriteStream.Socket._writeGeneric (node:net:962:11)
    at WriteStream.Socket._write (node:net:974:8)
    at writeOrBuffer (node:internal/streams/writable:392:12)
    at _write (node:internal/streams/writable:333:10)
    at WriteStream.Writable.write (node:internal/streams/writable:337:10)
    at Console.log (C:\Users\JTosman\Documents\Mis Trabajos\api-perforaciones\node_modules\winston\lib\winston\transports\console.js:87:23)
    at Console._write (C:\Users\JTosman\Documents\Mis Trabajos\api-perforaciones\node_modules\winston-transport\modern.js:103:17)
    at doWrite (C:\Users\JTosman\Documents\Mis Trabajos\api-perforaciones\node_modules\winston-transport\node_modules\readable-stream\lib\_stream_writable.js:390:139)
2025-07-13 23:43:14 error: uncaughtException: write EPIPE
Error: write EPIPE
    at afterWriteDispatched (node:internal/stream_base_commons:160:15)
    at writeGeneric (node:internal/stream_base_commons:151:3)
    at WriteStream.Socket._writeGeneric (node:net:962:11)
    at WriteStream.Socket._write (node:net:974:8)
    at writeOrBuffer (node:internal/streams/writable:392:12)
    at _write (node:internal/streams/writable:333:10)
    at WriteStream.Writable.write (node:internal/streams/writable:337:10)
    at console.value (node:internal/console/constructor:305:16)
    at console.log (node:internal/console/constructor:380:26)
    at App.connectToDatabase (C:\Users\JTosman\Documents\Mis Trabajos\api-perforaciones\src\app.ts:67:15)
2025-07-13 23:43:14 error: uncaughtException: write EPIPE
Error: write EPIPE
    at afterWriteDispatched (node:internal/stream_base_commons:160:15)
    at writeGeneric (node:internal/stream_base_commons:151:3)
    at WriteStream.Socket._writeGeneric (node:net:962:11)
    at WriteStream.Socket._write (node:net:974:8)
    at writeOrBuffer (node:internal/streams/writable:392:12)
    at _write (node:internal/streams/writable:333:10)
    at WriteStream.Writable.write (node:internal/streams/writable:337:10)
    at console.value (node:internal/console/constructor:305:16)
    at console.log (node:internal/console/constructor:380:26)
    at NativeCollection.$print (C:\Users\JTosman\Documents\Mis Trabajos\api-perforaciones\node_modules\mongoose\lib\drivers\node-mongodb-native\collection.js:316:11)
